Name                                                                Stmts   Miss Branch BrPart  Cover   Missing
---------------------------------------------------------------------------------------------------------------
app\__init__.py                                                         0      0      0      0   100%
app\celery_app.py                                                       6      0      0      0   100%
app\context.py                                                          2      0      0      0   100%
app\database.py                                                        16      4      0      0    75%   29-33
app\dependencies\brand_safety_authorization.py                         24     12      6      0    40%   71-79, 114-135
app\dependencies\override_authorization.py                             32     19      8      0    32%   28, 35-77
app\logger.py                                                          13      0      2      1    93%   10->18
app\main.py                                                           122     60     14      0    46%   29-84, 108-115, 126, 133, 148-171, 212
app\models.py                                                         504    115     18      0    75%   106, 109-110, 295, 299, 417, 421, 497, 515, 591-661, 680-752
app\redis_client.py                                                    56     40     14      0    23%   9-20, 23-38, 41, 44-45, 48-49, 52, 55-56, 59-66, 72-74
app\routes\__init__.py                                                  0      0      0      0   100%
app\routes\admin_gps.py                                               121     92     52      0    17%   39-80, 94-127, 141-160, 176-192, 203-237, 253-263
app\routes\alerts.py                                                   26     12      4      0    47%   25-33, 37-56
app\routes\assignment.py                                               71     57     20      0    15%   18-23, 30-58, 75-161
app\routes\audit.py                                                    41     28      8      0    27%   24-39, 50-69
app\routes\brand_safety_admin.py                                       57     34      6      0    37%   74, 89-119, 142-148, 184-191, 212-223, 246-258, 280-291
app\routes\dispatch.py                                                150    118     40      0    17%   33-38, 50-109, 113-120, 133-158, 175-185, 196-325
app\routes\dispatch_metrics.py                                         76     56     20      0    21%   34-36, 41-53, 64-186
app\routes\dispatch_queue.py                                           71     55     26      0    16%   28-43, 56-151
app\routes\escalations.py                                              89     67     22      0    20%   30-36, 39-41, 50-80, 89-111, 121-205
app\routes\eta.py                                                     110     80     30      0    21%   42-53, 64-93, 101-113, 125-139, 161-190, 204-247
app\routes\gps.py                                                     453    426    166      0     4%   28-52, 57-67, 71-109, 122-141, 165-440, 449-468, 478-800
app\routes\in_app_notifications.py                                     61     38     14      0    31%   30-64, 76-85, 93-105, 113-121, 128-131
app\routes\jobs.py                                                    646    566    214      0     9%   35-99, 110-116, 124-172, 190-239, 259-306, 313-338, 350-565, 588-623, 634-667, 683-716, 732-858, 868-871, 875-947, 951-959, 979-1039, 1047-1077, 1089-1098, 1108-1149, 1157-1163, 1177-1199, 1218-1237, 1249-1309
app\routes\notifications.py                                           116     78     22      0    28%   97, 118-145, 160-224, 234-264, 274-296, 306-323, 341-386, 414-498, 530-587, 639-683
app\routes\planning.py                                                 88     75     22      0    12%   27-72, 85-230
app\routes\technicians.py                                             204    159     56      0    17%   26-81, 101-133, 143-147, 159-174, 186-198, 206-212, 225-249, 257-263, 274-277, 289-303, 324-325, 339-356, 364-373, 385-400, 407-417, 428-447
app\routes\template_version_routes.py                                  26      8      0      0    69%   31, 47-54, 71, 88, 106, 123
app\routes\templates.py                                                35     20      2      0    41%   23-71, 79, 86-97
app\routes\tracking.py                                                 75     60     16      0    16%   51-113, 126-153, 162
app\schemas.py                                                        260     62     40      0    66%   29-33, 38-41, 75-77, 342, 346-348, 360-362, 593-650, 670-674
app\services\__init__.py                                                0      0      0      0   100%
app\services\ai\FieldOpsAI\__init__.py                                  0      0      0      0   100%
app\services\ai\FieldOpsAI\agents\base.py                             129      0     28      0   100%
app\services\ai\FieldOpsAI\agents\communication_agent.py               22     11      0      0    50%   56, 83-115
app\services\ai\FieldOpsAI\agents\dispatch_agent.py                    38     20      4      1    45%   37, 59-84, 96-114
app\services\ai\FieldOpsAI\agents\planning_agent.py                    41     23      6      1    40%   37, 59-90, 102-120
app\services\ai\FieldOpsAI\config\agent_config_manager.py              76      0     40      0   100%
app\services\ai\FieldOpsAI\config\config_loader.py                     52      8      6      3    81%   32, 41, 60, 70, 82, 86, 90, 112
app\services\ai\FieldOpsAI\providers\base_provider.py                  15      4      0      0    73%   58, 72, 86, 98
app\services\ai\FieldOpsAI\providers\groq_client.py                    42     29     12      0    24%   125-207, 221-237
app\services\ai\FieldOpsAI\providers\groq_provider.py                  43     21      6      1    47%   49, 90-139, 150, 159, 173-196
app\services\ai\FieldOpsAI\providers\provider_factory.py               11      1      2      1    85%   43
app\services\ai\FieldOpsAI\repositories\agent_state_repository.py      69      6     10      2    90%   252-259, 276, 279
app\services\ai\FieldOpsAI\runtime\agent_bus.py                       147      8     52      7    91%   314, 321, 428, 634, 635->exit, 638, 645-647
app\services\ai\FieldOpsAI\runtime\agent_health_monitor.py            303     10    118      8    95%   77, 138, 204, 278-279, 365, 417, 455-456, 471
app\services\ai\FieldOpsAI\runtime\agent_pool.py                       86      0     26      0   100%
app\services\ai\FieldOpsAI\runtime\agent_registry.py                  123      3     52      3    97%   179, 428, 447
app\services\ai\FieldOpsAI\runtime\agent_state_manager.py              32      0      4      0   100%
app\services\ai\FieldOpsAI\runtime\lifecycle.py                       270      1     70      1    99%   1029
app\services\ai\FieldOpsAI\runtime\orchestrator.py                     78     50     12      0    31%   119-130, 177-387, 403-410, 442, 453-460
app\services\ai\FieldOpsAI\runtime\prompt_builder.py                   14      6      2      0    50%   71-78, 106-111
app\services\ai\FieldOpsAI\runtime\response_parser.py                  15      8      0      0    47%   62-80
app\services\ai\FieldOpsAI\runtime\runtime_interface.py                13      3      0      0    77%   49, 62, 69
app\services\ai\FieldOpsAI\runtime\token_tracker.py                    50     25      6      0    45%   63-71, 83-89, 102-115, 124-138, 158-164
app\services\ai\FieldOpsAI\schemas\agent_config.py                     10      0      0      0   100%
app\services\ai\FieldOpsAI\schemas\agent_health.py                    229     15    102     15    91%   70, 131, 156, 163, 197, 202, 218, 223, 232, 234, 273, 276, 278, 287, 289
app\services\ai\FieldOpsAI\schemas\agent_lifecycle.py                  31      0      0      0   100%
app\services\ai\FieldOpsAI\schemas\agent_messages.py                  239     10     76     10    94%   101->105, 119, 161->exit, 285, 315-316, 474, 494, 499, 516, 530, 805
app\services\ai\FieldOpsAI\schemas\agent_registration.py               32      2     18      2    92%   94, 134
app\services\ai\FieldOpsAI\schemas\agent_result.py                     34      0     14      0   100%
app\services\ai\FieldOpsAI\schemas\agent_state.py                      78      4     28      4    92%   137, 171, 282, 305
app\services\ai\FieldOpsAI\schemas\agent_subscription.py               38      3     10      3    88%   95, 98, 116
app\services\ai\FieldOpsAI\schemas\ai_task.py                           8      0      0      0   100%
app\services\ai\FieldOpsAI\schemas\communication.py                    53     19     22      0    45%   299-338
app\services\ai\FieldOpsAI\schemas\dispatch.py                         12      0      0      0   100%
app\services\ai\FieldOpsAI\schemas\planning.py                         16      0      0      0   100%
app\services\ai\FieldOpsAI\services\communication_service.py          142     89     36      0    30%   174-199, 301-364, 394-525, 543-636, 681-722, 741-751, 772-780, 812-837, 863-902
app\services\ai\__init__.py                                             0      0      0      0   100%
app\services\ai\guardrails\__init__.py                                 11      0      0      0   100%
app\services\ai\guardrails\audit_logger.py                             63     44     20      0    23%   85-101, 156-275, 294-298, 319-345
app\services\ai\guardrails\base.py                                      8      0      0      0   100%
app\services\ai\guardrails\brand_safety_admin_schemas.py               49      8      6      0    75%   103-113, 165-176
app\services\ai\guardrails\brand_safety_admin_service.py              100     78     20      0    18%   125-152, 172-211, 223-245, 277-313, 332-414, 429-445, 465-485, 505, 518-530
app\services\ai\guardrails\brand_safety_rule_provider.py               86     64     24      0    20%   101-126, 136, 157-176, 186-197, 209-251, 261-297, 319-345, 366-391
app\services\ai\guardrails\brand_safety_validator.py                   84     35     14      0    50%   166-175, 189-202, 265, 286-288, 313, 412-452, 553, 578-662
app\services\ai\guardrails\channel_validator.py                        14      6      2      0    50%   78-116
app\services\ai\guardrails\contracts.py                                84     26     18      0    57%   279-297, 373-403, 432-465, 483, 498, 513
app\services\ai\guardrails\fallback_service.py                        149    102     60      0    22%   228-236, 259-346, 377-413, 433-450, 476-513, 536-637, 654-721, 738-764, 779-805, 827-844
app\services\ai\guardrails\length_validator.py                         35     22     18      0    25%   78-151, 186-196
app\services\ai\guardrails\pii_output_detector.py                      65     32     16      0    41%   206-238, 267, 304-328, 348-360, 379-387
app\services\ai\guardrails\pipeline.py                                 64     36     14      0    36%   117-154, 189, 215, 230, 242, 273-301, 336-386
app\services\ai\guardrails\placeholder_integrity_validator.py          65     43     24      0    25%   143-243, 268-283, 310-316, 343-392, 413-440
app\services\ai\guardrails\profanity_validator.py                     146    102     54      0    22%   151-207, 233, 251-278, 292, 306, 333-385, 400-409, 436-482, 507-592, 654, 677-751, 783-806
app\services\ai\guardrails\tone_validator.py                          106     56     26      0    38%   304-314, 337-481, 504-517, 532, 559-573, 605-624, 644-676
app\services\ai\integrations\__init__.py                                0      0      0      0   100%
app\services\ai\integrations\communication_integration.py              94     59     12      0    33%   134-146, 170-200, 222-303, 324-369, 394-419, 437-458, 472-486, 501-508
app\services\ai\pii_sanitizer.py                                      291    202    112      0    22%   81-90, 161-220, 229-231, 236, 248-266, 281-290, 474-561, 580-582, 783-791, 813-836, 858-874, 889, 910-915, 932-992, 1008-1118, 1138-1208, 1232-1310, 1327-1352, 1367-1431, 1450-1597, 1609-1621, 1635-1653
app\services\broadcast_scheduler.py                                   120     97     18      0    17%   58-68, 72-76, 80-87, 92-101, 104-173, 188-226, 232-242, 249-273, 276
app\services\certification_validator.py                                75     64     36      0    10%   12-31, 34-50, 57-118, 122-129
app\services\composite.py                                              27     22      2      0    17%   7, 13-32, 49-62
app\services\cooldown_service.py                                       44     33     14      0    19%   13-23, 30-54, 61-69
app\services\default_template.py                                       28     19     12      0    22%   468-471, 475-476, 481-507, 513-531
app\services\dispatch_agent.py                                          9      2      0      0    78%   18-21
app\services\dispatcher_alert_service.py                               51     40     10      0    18%   21-104
app\services\distance.py                                               14     10      4      0    22%   6-27
app\services\distributed_lock_service.py                               62     44     24      1    22%   21-29, 39-85
app\services\eta_service.py                                           226    213     88      0     4%   14-16, 23-217, 224-439
app\services\exclusion_service.py                                      43     31     12      0    22%   13-24, 31-41, 48-54, 64-73
app\services\fallback_eta_service.py                                   31     20      2      0    33%   13-23, 28-47
app\services\fcm.py                                                   103     90     34      1    10%   12->14, 15-16, 32-267
app\services\google_maps_client.py                                    338    301     98      0     8%   23-25, 29-31, 34-38, 41-55, 58-62, 66-68, 72-88, 97-105, 109-113, 118-122, 125-128, 131-134, 137-140, 143, 155-161, 175-244, 257-372, 383-522
app\services\justification_validator.py                                20     14      8      0    21%   7-10, 13-39
app\services\preferences.py                                            46     37     12      0    16%   16-38, 41-71
app\services\re_dispatch_queue.py                                      63     47     16      0    20%   21-37, 45-55, 62-117
app\services\re_dispatch_trigger.py                                    37     29     26      0    13%   22-69
app\services\skill.py                                                  29     19     10      0    26%   27-39, 43-50, 56-66
app\services\sla_escalation_service.py                                 37     24      2      0    33%   16-53, 60-81, 89-104
app\services\socket_manager.py                                         47     32      8      0    27%   14-24, 28, 36-40, 46-50, 61-66, 72-77
app\services\template_engine.py                                        56     38     12      0    26%   19, 32-40, 44, 61-110, 117-125
app\services\template_version_service.py                               68     57     20      0    12%   22-72, 83-102, 114-129, 141-203, 223-253, 275-299
app\services\timer_service.py                                          31     21      6      0    27%   14-49, 56-66
app\services\tracking_manager.py                                      218    179     72      0    13%   52-70, 78-126, 131, 134-177, 214-257, 268-283, 287-291, 302-407, 413, 418-433, 442-466, 472-473
app\services\twilio_sms.py                                            120     97     36      1    15%   21->28, 25-26, 30-34, 48-61, 65-81, 94-231
app\services\workload.py                                               46     35     14      0    18%   16-49, 61-73, 81-94
app\tasks.py                                                          336    306     88      0     7%   21-43, 50-124, 131-161, 166-170, 175-274, 294-392, 397-486, 491-536, 541-577, 582-609
app\utils.py                                                           32     28     16      0     8%   11-22, 25-49, 52-59
app\worker.py                                                         205    181     50      0     9%   21-122, 125-145, 148-228, 231-256, 259-284, 288-302, 306-313, 317-330, 333-335
tests\conftest.py                                                      60     23     22      2    48%   13-23, 26-34, 43->exit, 47-49, 72-73, 79->81
tests\test_agent_bus.py                                               470      6     16      2    98%   81, 112, 673-674, 706-707
tests\test_agent_config_manager.py                                    261      1      4      0    99%   467
tests\test_agent_health_monitor.py                                    629      9      6      0    99%   409, 411, 1476-1482, 1514, 1518, 1520
tests\test_agent_lifecycle.py                                         457      8      0      0    98%   141, 169, 196, 1156, 1388, 1393, 1420, 1425
tests\test_agent_messages.py                                          242      0      0      0   100%
tests\test_agent_pool.py                                              242      1      0      0    99%   46
tests\test_agent_registry.py                                          424      8     14      0    98%   117, 124, 135, 153, 957-958, 964-965
tests\test_agent_state_manager.py                                     274      2      0      0    99%   129, 195
tests\test_agent_state_repository.py                                  171      0      6      0   100%
tests\test_base_agent.py                                              296      0      0      0   100%
---------------------------------------------------------------------------------------------------------------
TOTAL                                                               13744   5823   2862     70    52%
